<?xml version="1.0" encoding="UTF-8"?>
<coverage generated="1699784939871" clover="3.2.0">
  <project timestamp="1699784939871" name="All files">
    <metrics statements="149" coveredstatements="149" conditionals="100" coveredconditionals="100" methods="30" coveredmethods="30" elements="279" coveredelements="279" complexity="0" loc="149" ncloc="149" packages="1" files="1" classes="1"/>
    <file name="index.js" path="/mnt/c/Users/Guillaume/Documents/GitHub/composeverter/packages/composeverter/src/index.js">
      <metrics statements="149" coveredstatements="149" conditionals="100" coveredconditionals="100" methods="30" coveredmethods="30"/>
      <line num="3" count="4" type="stmt"/>
      <line num="9" count="4" type="stmt"/>
      <line num="10" count="8" type="stmt"/>
      <line num="11" count="8" type="stmt"/>
      <line num="12" count="8" type="stmt"/>
      <line num="13" count="8" type="stmt"/>
      <line num="14" count="24" type="stmt"/>
      <line num="15" count="24" type="cond" truecount="2" falsecount="0"/>
      <line num="16" count="24" type="stmt"/>
      <line num="19" count="8" type="stmt"/>
      <line num="22" count="4" type="stmt"/>
      <line num="23" count="6" type="stmt"/>
      <line num="24" count="6" type="cond" truecount="4" falsecount="0"/>
      <line num="26" count="4" type="stmt"/>
      <line num="27" count="17" type="stmt"/>
      <line num="29" count="4" type="stmt"/>
      <line num="30" count="4" type="stmt"/>
      <line num="31" count="4" type="cond" truecount="2" falsecount="0"/>
      <line num="32" count="4" type="cond" truecount="2" falsecount="0"/>
      <line num="33" count="4" type="cond" truecount="2" falsecount="0"/>
      <line num="34" count="4" type="cond" truecount="2" falsecount="0"/>
      <line num="35" count="1" type="stmt"/>
      <line num="37" count="4" type="cond" truecount="2" falsecount="0"/>
      <line num="38" count="2" type="stmt"/>
      <line num="41" count="2" type="stmt"/>
      <line num="44" count="4" type="cond" truecount="2" falsecount="0"/>
      <line num="45" count="2" type="stmt"/>
      <line num="48" count="2" type="stmt"/>
      <line num="51" count="4" type="stmt"/>
      <line num="52" count="4" type="stmt"/>
      <line num="53" count="16" type="cond" truecount="2" falsecount="0"/>
      <line num="54" count="9" type="stmt"/>
      <line num="58" count="16" type="stmt"/>
      <line num="61" count="4" type="cond" truecount="2" falsecount="0"/>
      <line num="62" count="2" type="stmt"/>
      <line num="65" count="2" type="stmt"/>
      <line num="67" count="4" type="cond" truecount="2" falsecount="0"/>
      <line num="68" count="2" type="stmt"/>
      <line num="71" count="2" type="stmt"/>
      <line num="74" count="4" type="stmt"/>
      <line num="75" count="4" type="stmt"/>
      <line num="76" count="4" type="stmt"/>
      <line num="77" count="4" type="stmt"/>
      <line num="80" count="4" type="stmt"/>
      <line num="84" count="4" type="stmt"/>
      <line num="85" count="17" type="stmt"/>
      <line num="95" count="4" type="stmt"/>
      <line num="96" count="9" type="stmt"/>
      <line num="97" count="9" type="cond" truecount="4" falsecount="0"/>
      <line num="99" count="7" type="stmt"/>
      <line num="100" count="7" type="stmt"/>
      <line num="101" count="7" type="cond" truecount="4" falsecount="0"/>
      <line num="102" count="6" type="stmt"/>
      <line num="103" count="6" type="cond" truecount="2" falsecount="0"/>
      <line num="104" count="5" type="cond" truecount="2" falsecount="0"/>
      <line num="105" count="5" type="cond" truecount="2" falsecount="0"/>
      <line num="106" count="5" type="cond" truecount="2" falsecount="0"/>
      <line num="108" count="6" type="cond" truecount="4" falsecount="0"/>
      <line num="109" count="2" type="stmt"/>
      <line num="112" count="7" type="cond" truecount="2" falsecount="0"/>
      <line num="118" count="1" type="stmt"/>
      <line num="120" count="7" type="stmt"/>
      <line num="123" count="7" type="stmt"/>
      <line num="125" count="7" type="stmt"/>
      <line num="134" count="11" type="stmt"/>
      <line num="135" count="11" type="cond" truecount="2" falsecount="0"/>
      <line num="136" count="1" type="stmt"/>
      <line num="137" count="1" type="stmt"/>
      <line num="144" count="11" type="stmt"/>
      <line num="145" count="11" type="cond" truecount="2" falsecount="0"/>
      <line num="146" count="1" type="stmt"/>
      <line num="153" count="11" type="cond" truecount="2" falsecount="0"/>
      <line num="154" count="5" type="stmt"/>
      <line num="157" count="5" type="cond" truecount="2" falsecount="0"/>
      <line num="158" count="4" type="stmt"/>
      <line num="159" count="4" type="cond" truecount="2" falsecount="0"/>
      <line num="160" count="3" type="stmt"/>
      <line num="164" count="5" type="stmt"/>
      <line num="165" count="5" type="stmt"/>
      <line num="170" count="11" type="cond" truecount="2" falsecount="0"/>
      <line num="171" count="1" type="stmt"/>
      <line num="175" count="1" type="stmt"/>
      <line num="180" count="11" type="cond" truecount="2" falsecount="0"/>
      <line num="181" count="2" type="stmt"/>
      <line num="182" count="2" type="cond" truecount="2" falsecount="0"/>
      <line num="183" count="1" type="stmt"/>
      <line num="184" count="1" type="stmt"/>
      <line num="186" count="2" type="stmt"/>
      <line num="191" count="11" type="cond" truecount="2" falsecount="0"/>
      <line num="192" count="1" type="stmt"/>
      <line num="193" count="2" type="stmt"/>
      <line num="194" count="2" type="cond" truecount="2" falsecount="0"/>
      <line num="195" count="1" type="stmt"/>
      <line num="202" count="8" type="stmt"/>
      <line num="203" count="11" type="cond" truecount="2" falsecount="0"/>
      <line num="205" count="8" type="cond" truecount="4" falsecount="0"/>
      <line num="207" count="8" type="stmt"/>
      <line num="209" count="5" type="stmt"/>
      <line num="210" count="5" type="cond" truecount="2" falsecount="0"/>
      <line num="214" count="8" type="stmt"/>
      <line num="215" count="3" type="stmt"/>
      <line num="216" count="2" type="stmt"/>
      <line num="220" count="8" type="stmt"/>
      <line num="221" count="8" type="cond" truecount="2" falsecount="0"/>
      <line num="222" count="2" type="stmt"/>
      <line num="225" count="2" type="stmt"/>
      <line num="229" count="4" type="stmt"/>
      <line num="230" count="13" type="stmt"/>
      <line num="232" count="13" type="cond" truecount="2" falsecount="0"/>
      <line num="234" count="8" type="stmt"/>
      <line num="236" count="8" type="stmt"/>
      <line num="237" count="8" type="stmt"/>
      <line num="239" count="8" type="stmt"/>
      <line num="240" count="11" type="stmt"/>
      <line num="241" count="11" type="stmt"/>
      <line num="242" count="11" type="stmt"/>
      <line num="243" count="11" type="stmt"/>
      <line num="244" count="11" type="stmt"/>
      <line num="245" count="11" type="stmt"/>
      <line num="248" count="8" type="stmt"/>
      <line num="249" count="8" type="stmt"/>
      <line num="250" count="11" type="stmt"/>
      <line num="251" count="11" type="stmt"/>
      <line num="254" count="8" type="stmt"/>
      <line num="255" count="8" type="stmt"/>
      <line num="256" count="8" type="stmt"/>
      <line num="258" count="8" type="stmt"/>
      <line num="259" count="4" type="stmt"/>
      <line num="269" count="4" type="stmt"/>
      <line num="270" count="5" type="stmt"/>
      <line num="272" count="5" type="stmt"/>
      <line num="273" count="5" type="cond" truecount="2" falsecount="0"/>
      <line num="275" count="4" type="cond" truecount="2" falsecount="0"/>
      <line num="278" count="4" type="stmt"/>
      <line num="279" count="7" type="stmt"/>
      <line num="280" count="7" type="cond" truecount="2" falsecount="0"/>
      <line num="281" count="7" type="cond" truecount="2" falsecount="0"/>
      <line num="282" count="7" type="cond" truecount="2" falsecount="0"/>
      <line num="283" count="7" type="cond" truecount="2" falsecount="0"/>
      <line num="284" count="1" type="stmt"/>
      <line num="286" count="7" type="stmt"/>
      <line num="287" count="7" type="stmt"/>
      <line num="288" count="7" type="stmt"/>
      <line num="289" count="7" type="stmt"/>
      <line num="292" count="4" type="stmt"/>
      <line num="294" count="4" type="stmt"/>
      <line num="296" count="4" type="stmt"/>
      <line num="297" count="3" type="stmt"/>
      <line num="303" count="4" type="stmt"/>
    </file>
  </project>
</coverage>
