{"/mnt/c/Users/Guillaume/Documents/GitHub/composeverter/packages/composeverter/src/index.js": {"path":"/mnt/c/Users/Guillaume/Documents/GitHub/composeverter/packages/composeverter/src/index.js","statementMap":{"0":{"start":{"line":3,"column":0},"end":{"line":3,"column":37}},"1":{"start":{"line":9,"column":21},"end":{"line":20,"column":1}},"2":{"start":{"line":10,"column":17},"end":{"line":10,"column":20}},"3":{"start":{"line":11,"column":18},"end":{"line":11,"column":33}},"4":{"start":{"line":12,"column":16},"end":{"line":12,"column":28}},"5":{"start":{"line":13,"column":4},"end":{"line":17,"column":5}},"6":{"start":{"line":13,"column":17},"end":{"line":13,"column":18}},"7":{"start":{"line":14,"column":21},"end":{"line":14,"column":29}},"8":{"start":{"line":15,"column":8},"end":{"line":15,"column":45}},"9":{"start":{"line":15,"column":27},"end":{"line":15,"column":45}},"10":{"start":{"line":16,"column":8},"end":{"line":16,"column":30}},"11":{"start":{"line":19,"column":4},"end":{"line":19,"column":35}},"12":{"start":{"line":22,"column":35},"end":{"line":89,"column":1}},"13":{"start":{"line":23,"column":17},"end":{"line":23,"column":36}},"14":{"start":{"line":24,"column":4},"end":{"line":24,"column":70}},"15":{"start":{"line":24,"column":55},"end":{"line":24,"column":70}},"16":{"start":{"line":26,"column":17},"end":{"line":26,"column":19}},"17":{"start":{"line":27,"column":16},"end":{"line":27,"column":45}},"18":{"start":{"line":27,"column":27},"end":{"line":27,"column":45}},"19":{"start":{"line":29,"column":4},"end":{"line":78,"column":7}},"20":{"start":{"line":30,"column":24},"end":{"line":30,"column":43}},"21":{"start":{"line":31,"column":8},"end":{"line":31,"column":94}},"22":{"start":{"line":31,"column":26},"end":{"line":31,"column":94}},"23":{"start":{"line":32,"column":8},"end":{"line":32,"column":106}},"24":{"start":{"line":32,"column":31},"end":{"line":32,"column":106}},"25":{"start":{"line":33,"column":8},"end":{"line":33,"column":106}},"26":{"start":{"line":33,"column":32},"end":{"line":33,"column":106}},"27":{"start":{"line":34,"column":8},"end":{"line":35,"column":99}},"28":{"start":{"line":35,"column":12},"end":{"line":35,"column":99}},"29":{"start":{"line":37,"column":8},"end":{"line":42,"column":9}},"30":{"start":{"line":38,"column":12},"end":{"line":40,"column":14}},"31":{"start":{"line":41,"column":12},"end":{"line":41,"column":41}},"32":{"start":{"line":44,"column":8},"end":{"line":49,"column":9}},"33":{"start":{"line":45,"column":12},"end":{"line":47,"column":14}},"34":{"start":{"line":48,"column":12},"end":{"line":48,"column":40}},"35":{"start":{"line":51,"column":30},"end":{"line":51,"column":84}},"36":{"start":{"line":52,"column":8},"end":{"line":59,"column":11}},"37":{"start":{"line":53,"column":12},"end":{"line":57,"column":13}},"38":{"start":{"line":54,"column":16},"end":{"line":56,"column":18}},"39":{"start":{"line":58,"column":12},"end":{"line":58,"column":30}},"40":{"start":{"line":61,"column":8},"end":{"line":66,"column":9}},"41":{"start":{"line":62,"column":12},"end":{"line":64,"column":14}},"42":{"start":{"line":65,"column":12},"end":{"line":65,"column":35}},"43":{"start":{"line":67,"column":8},"end":{"line":72,"column":9}},"44":{"start":{"line":68,"column":12},"end":{"line":70,"column":14}},"45":{"start":{"line":71,"column":12},"end":{"line":71,"column":37}},"46":{"start":{"line":74,"column":8},"end":{"line":74,"column":28}},"47":{"start":{"line":75,"column":8},"end":{"line":75,"column":33}},"48":{"start":{"line":76,"column":8},"end":{"line":76,"column":34}},"49":{"start":{"line":77,"column":8},"end":{"line":77,"column":39}},"50":{"start":{"line":80,"column":4},"end":{"line":80,"column":23}},"51":{"start":{"line":84,"column":4},"end":{"line":88,"column":6}},"52":{"start":{"line":85,"column":22},"end":{"line":85,"column":52}},"53":{"start":{"line":95,"column":35},"end":{"line":126,"column":1}},"54":{"start":{"line":96,"column":17},"end":{"line":96,"column":36}},"55":{"start":{"line":97,"column":4},"end":{"line":97,"column":70}},"56":{"start":{"line":97,"column":55},"end":{"line":97,"column":70}},"57":{"start":{"line":99,"column":4},"end":{"line":121,"column":7}},"58":{"start":{"line":100,"column":24},"end":{"line":100,"column":43}},"59":{"start":{"line":101,"column":8},"end":{"line":111,"column":9}},"60":{"start":{"line":102,"column":34},"end":{"line":102,"column":48}},"61":{"start":{"line":103,"column":12},"end":{"line":107,"column":13}},"62":{"start":{"line":104,"column":16},"end":{"line":104,"column":80}},"63":{"start":{"line":104,"column":43},"end":{"line":104,"column":80}},"64":{"start":{"line":105,"column":16},"end":{"line":105,"column":89}},"65":{"start":{"line":105,"column":45},"end":{"line":105,"column":89}},"66":{"start":{"line":106,"column":16},"end":{"line":106,"column":86}},"67":{"start":{"line":106,"column":43},"end":{"line":106,"column":86}},"68":{"start":{"line":108,"column":12},"end":{"line":110,"column":13}},"69":{"start":{"line":109,"column":16},"end":{"line":109,"column":72}},"70":{"start":{"line":112,"column":8},"end":{"line":119,"column":9}},"71":{"start":{"line":118,"column":12},"end":{"line":118,"column":70}},"72":{"start":{"line":120,"column":8},"end":{"line":120,"column":30}},"73":{"start":{"line":123,"column":4},"end":{"line":123,"column":25}},"74":{"start":{"line":125,"column":4},"end":{"line":125,"column":72}},"75":{"start":{"line":134,"column":22},"end":{"line":134,"column":29}},"76":{"start":{"line":135,"column":4},"end":{"line":140,"column":5}},"77":{"start":{"line":136,"column":31},"end":{"line":136,"column":53}},"78":{"start":{"line":137,"column":8},"end":{"line":139,"column":10}},"79":{"start":{"line":144,"column":26},"end":{"line":144,"column":48}},"80":{"start":{"line":145,"column":4},"end":{"line":149,"column":5}},"81":{"start":{"line":146,"column":8},"end":{"line":148,"column":10}},"82":{"start":{"line":153,"column":4},"end":{"line":166,"column":5}},"83":{"start":{"line":154,"column":26},"end":{"line":154,"column":37}},"84":{"start":{"line":157,"column":8},"end":{"line":162,"column":9}},"85":{"start":{"line":158,"column":25},"end":{"line":158,"column":50}},"86":{"start":{"line":159,"column":12},"end":{"line":161,"column":13}},"87":{"start":{"line":160,"column":16},"end":{"line":160,"column":48}},"88":{"start":{"line":164,"column":8},"end":{"line":164,"column":43}},"89":{"start":{"line":165,"column":8},"end":{"line":165,"column":27}},"90":{"start":{"line":170,"column":4},"end":{"line":176,"column":5}},"91":{"start":{"line":171,"column":8},"end":{"line":174,"column":10}},"92":{"start":{"line":175,"column":8},"end":{"line":175,"column":34}},"93":{"start":{"line":180,"column":4},"end":{"line":187,"column":5}},"94":{"start":{"line":181,"column":8},"end":{"line":181,"column":57}},"95":{"start":{"line":182,"column":8},"end":{"line":185,"column":9}},"96":{"start":{"line":183,"column":12},"end":{"line":183,"column":54}},"97":{"start":{"line":184,"column":12},"end":{"line":184,"column":35}},"98":{"start":{"line":186,"column":8},"end":{"line":186,"column":34}},"99":{"start":{"line":191,"column":4},"end":{"line":198,"column":5}},"100":{"start":{"line":192,"column":8},"end":{"line":197,"column":9}},"101":{"start":{"line":192,"column":23},"end":{"line":192,"column":24}},"102":{"start":{"line":193,"column":31},"end":{"line":193,"column":56}},"103":{"start":{"line":194,"column":12},"end":{"line":196,"column":13}},"104":{"start":{"line":195,"column":16},"end":{"line":195,"column":70}},"105":{"start":{"line":202,"column":24},"end":{"line":202,"column":26}},"106":{"start":{"line":203,"column":4},"end":{"line":203,"column":116}},"107":{"start":{"line":203,"column":47},"end":{"line":203,"column":114}},"108":{"start":{"line":203,"column":89},"end":{"line":203,"column":113}},"109":{"start":{"line":205,"column":26},"end":{"line":205,"column":118}},"110":{"start":{"line":205,"column":36},"end":{"line":205,"column":118}},"111":{"start":{"line":207,"column":18},"end":{"line":212,"column":5}},"112":{"start":{"line":209,"column":27},"end":{"line":209,"column":45}},"113":{"start":{"line":210,"column":12},"end":{"line":210,"column":62}},"114":{"start":{"line":214,"column":4},"end":{"line":216,"column":49}},"115":{"start":{"line":215,"column":24},"end":{"line":215,"column":28}},"116":{"start":{"line":216,"column":22},"end":{"line":216,"column":46}},"117":{"start":{"line":220,"column":25},"end":{"line":220,"column":55}},"118":{"start":{"line":221,"column":4},"end":{"line":226,"column":5}},"119":{"start":{"line":222,"column":8},"end":{"line":224,"column":10}},"120":{"start":{"line":225,"column":8},"end":{"line":225,"column":36}},"121":{"start":{"line":229,"column":34},"end":{"line":263,"column":1}},"122":{"start":{"line":230,"column":17},"end":{"line":230,"column":36}},"123":{"start":{"line":232,"column":4},"end":{"line":232,"column":38}},"124":{"start":{"line":232,"column":23},"end":{"line":232,"column":38}},"125":{"start":{"line":234,"column":25},"end":{"line":234,"column":42}},"126":{"start":{"line":236,"column":17},"end":{"line":236,"column":19}},"127":{"start":{"line":237,"column":16},"end":{"line":237,"column":45}},"128":{"start":{"line":237,"column":27},"end":{"line":237,"column":45}},"129":{"start":{"line":239,"column":4},"end":{"line":246,"column":7}},"130":{"start":{"line":240,"column":8},"end":{"line":240,"column":44}},"131":{"start":{"line":241,"column":8},"end":{"line":241,"column":52}},"132":{"start":{"line":242,"column":8},"end":{"line":242,"column":45}},"133":{"start":{"line":243,"column":8},"end":{"line":243,"column":33}},"134":{"start":{"line":244,"column":8},"end":{"line":244,"column":35}},"135":{"start":{"line":245,"column":8},"end":{"line":245,"column":53}},"136":{"start":{"line":248,"column":21},"end":{"line":248,"column":23}},"137":{"start":{"line":249,"column":4},"end":{"line":252,"column":7}},"138":{"start":{"line":250,"column":8},"end":{"line":250,"column":36}},"139":{"start":{"line":251,"column":8},"end":{"line":251,"column":26}},"140":{"start":{"line":254,"column":4},"end":{"line":254,"column":25}},"141":{"start":{"line":255,"column":4},"end":{"line":255,"column":29}},"142":{"start":{"line":256,"column":4},"end":{"line":256,"column":36}},"143":{"start":{"line":258,"column":4},"end":{"line":262,"column":6}},"144":{"start":{"line":259,"column":22},"end":{"line":259,"column":52}},"145":{"start":{"line":269,"column":35},"end":{"line":301,"column":1}},"146":{"start":{"line":270,"column":19},"end":{"line":270,"column":46}},"147":{"start":{"line":272,"column":17},"end":{"line":272,"column":35}},"148":{"start":{"line":273,"column":4},"end":{"line":273,"column":37}},"149":{"start":{"line":273,"column":23},"end":{"line":273,"column":37}},"150":{"start":{"line":275,"column":17},"end":{"line":275,"column":54}},"151":{"start":{"line":278,"column":4},"end":{"line":290,"column":7}},"152":{"start":{"line":279,"column":24},"end":{"line":279,"column":43}},"153":{"start":{"line":280,"column":8},"end":{"line":280,"column":94}},"154":{"start":{"line":280,"column":26},"end":{"line":280,"column":94}},"155":{"start":{"line":281,"column":8},"end":{"line":281,"column":106}},"156":{"start":{"line":281,"column":31},"end":{"line":281,"column":106}},"157":{"start":{"line":282,"column":8},"end":{"line":282,"column":106}},"158":{"start":{"line":282,"column":32},"end":{"line":282,"column":106}},"159":{"start":{"line":283,"column":8},"end":{"line":284,"column":99}},"160":{"start":{"line":284,"column":12},"end":{"line":284,"column":99}},"161":{"start":{"line":286,"column":8},"end":{"line":286,"column":28}},"162":{"start":{"line":287,"column":8},"end":{"line":287,"column":33}},"163":{"start":{"line":288,"column":8},"end":{"line":288,"column":34}},"164":{"start":{"line":289,"column":8},"end":{"line":289,"column":39}},"165":{"start":{"line":292,"column":19},"end":{"line":292,"column":59}},"166":{"start":{"line":294,"column":4},"end":{"line":294,"column":26}},"167":{"start":{"line":296,"column":4},"end":{"line":300,"column":6}},"168":{"start":{"line":297,"column":22},"end":{"line":297,"column":55}},"169":{"start":{"line":303,"column":0},"end":{"line":308,"column":2}}},"fnMap":{"0":{"name":"(anonymous_0)","decl":{"start":{"line":9,"column":21},"end":{"line":9,"column":22}},"loc":{"start":{"line":9,"column":43},"end":{"line":20,"column":1}},"line":9},"1":{"name":"(anonymous_1)","decl":{"start":{"line":22,"column":35},"end":{"line":22,"column":36}},"loc":{"start":{"line":22,"column":46},"end":{"line":89,"column":1}},"line":22},"2":{"name":"(anonymous_2)","decl":{"start":{"line":27,"column":16},"end":{"line":27,"column":17}},"loc":{"start":{"line":27,"column":27},"end":{"line":27,"column":45}},"line":27},"3":{"name":"(anonymous_3)","decl":{"start":{"line":29,"column":39},"end":{"line":29,"column":40}},"loc":{"start":{"line":29,"column":47},"end":{"line":78,"column":5}},"line":29},"4":{"name":"(anonymous_4)","decl":{"start":{"line":52,"column":30},"end":{"line":52,"column":31}},"loc":{"start":{"line":52,"column":35},"end":{"line":59,"column":9}},"line":52},"5":{"name":"(anonymous_5)","decl":{"start":{"line":85,"column":17},"end":{"line":85,"column":18}},"loc":{"start":{"line":85,"column":22},"end":{"line":85,"column":52}},"line":85},"6":{"name":"(anonymous_6)","decl":{"start":{"line":95,"column":35},"end":{"line":95,"column":36}},"loc":{"start":{"line":95,"column":46},"end":{"line":126,"column":1}},"line":95},"7":{"name":"(anonymous_7)","decl":{"start":{"line":99,"column":39},"end":{"line":99,"column":40}},"loc":{"start":{"line":99,"column":47},"end":{"line":121,"column":5}},"line":99},"8":{"name":"warnForLinks","decl":{"start":{"line":133,"column":9},"end":{"line":133,"column":21}},"loc":{"start":{"line":133,"column":42},"end":{"line":141,"column":1}},"line":133},"9":{"name":"warnForExternalLinks","decl":{"start":{"line":143,"column":9},"end":{"line":143,"column":29}},"loc":{"start":{"line":143,"column":50},"end":{"line":150,"column":1}},"line":143},"10":{"name":"rewriteNet","decl":{"start":{"line":152,"column":9},"end":{"line":152,"column":19}},"loc":{"start":{"line":152,"column":43},"end":{"line":167,"column":1}},"line":152},"11":{"name":"rewriteBuild","decl":{"start":{"line":169,"column":9},"end":{"line":169,"column":21}},"loc":{"start":{"line":169,"column":31},"end":{"line":177,"column":1}},"line":169},"12":{"name":"rewriteLogging","decl":{"start":{"line":179,"column":9},"end":{"line":179,"column":23}},"loc":{"start":{"line":179,"column":33},"end":{"line":188,"column":1}},"line":179},"13":{"name":"rewriteVolumesFrom","decl":{"start":{"line":190,"column":9},"end":{"line":190,"column":27}},"loc":{"start":{"line":190,"column":51},"end":{"line":199,"column":1}},"line":190},"14":{"name":"getNamedVolumes","decl":{"start":{"line":201,"column":9},"end":{"line":201,"column":24}},"loc":{"start":{"line":201,"column":35},"end":{"line":217,"column":1}},"line":201},"15":{"name":"(anonymous_15)","decl":{"start":{"line":203,"column":36},"end":{"line":203,"column":37}},"loc":{"start":{"line":203,"column":47},"end":{"line":203,"column":114}},"line":203},"16":{"name":"(anonymous_16)","decl":{"start":{"line":203,"column":79},"end":{"line":203,"column":80}},"loc":{"start":{"line":203,"column":89},"end":{"line":203,"column":113}},"line":203},"17":{"name":"(anonymous_17)","decl":{"start":{"line":205,"column":26},"end":{"line":205,"column":27}},"loc":{"start":{"line":205,"column":36},"end":{"line":205,"column":118}},"line":205},"18":{"name":"(anonymous_18)","decl":{"start":{"line":208,"column":24},"end":{"line":208,"column":25}},"loc":{"start":{"line":208,"column":32},"end":{"line":211,"column":9}},"line":208},"19":{"name":"(anonymous_19)","decl":{"start":{"line":215,"column":16},"end":{"line":215,"column":17}},"loc":{"start":{"line":215,"column":24},"end":{"line":215,"column":28}},"line":215},"20":{"name":"(anonymous_20)","decl":{"start":{"line":216,"column":13},"end":{"line":216,"column":14}},"loc":{"start":{"line":216,"column":22},"end":{"line":216,"column":46}},"line":216},"21":{"name":"createVolumesSection","decl":{"start":{"line":219,"column":9},"end":{"line":219,"column":29}},"loc":{"start":{"line":219,"column":41},"end":{"line":227,"column":1}},"line":219},"22":{"name":"(anonymous_22)","decl":{"start":{"line":229,"column":34},"end":{"line":229,"column":35}},"loc":{"start":{"line":229,"column":45},"end":{"line":263,"column":1}},"line":229},"23":{"name":"(anonymous_23)","decl":{"start":{"line":237,"column":16},"end":{"line":237,"column":17}},"loc":{"start":{"line":237,"column":27},"end":{"line":237,"column":45}},"line":237},"24":{"name":"(anonymous_24)","decl":{"start":{"line":239,"column":30},"end":{"line":239,"column":31}},"loc":{"start":{"line":239,"column":38},"end":{"line":246,"column":5}},"line":239},"25":{"name":"(anonymous_25)","decl":{"start":{"line":249,"column":30},"end":{"line":249,"column":31}},"loc":{"start":{"line":249,"column":38},"end":{"line":252,"column":5}},"line":249},"26":{"name":"(anonymous_26)","decl":{"start":{"line":259,"column":17},"end":{"line":259,"column":18}},"loc":{"start":{"line":259,"column":22},"end":{"line":259,"column":52}},"line":259},"27":{"name":"(anonymous_27)","decl":{"start":{"line":269,"column":35},"end":{"line":269,"column":36}},"loc":{"start":{"line":269,"column":46},"end":{"line":301,"column":1}},"line":269},"28":{"name":"(anonymous_28)","decl":{"start":{"line":278,"column":39},"end":{"line":278,"column":40}},"loc":{"start":{"line":278,"column":47},"end":{"line":290,"column":5}},"line":278},"29":{"name":"(anonymous_29)","decl":{"start":{"line":297,"column":17},"end":{"line":297,"column":18}},"loc":{"start":{"line":297,"column":22},"end":{"line":297,"column":55}},"line":297}},"branchMap":{"0":{"loc":{"start":{"line":15,"column":8},"end":{"line":15,"column":45}},"type":"if","locations":[{"start":{"line":15,"column":8},"end":{"line":15,"column":45}},{"start":{"line":15,"column":8},"end":{"line":15,"column":45}}],"line":15},"1":{"loc":{"start":{"line":24,"column":4},"end":{"line":24,"column":70}},"type":"if","locations":[{"start":{"line":24,"column":4},"end":{"line":24,"column":70}},{"start":{"line":24,"column":4},"end":{"line":24,"column":70}}],"line":24},"2":{"loc":{"start":{"line":24,"column":8},"end":{"line":24,"column":53}},"type":"binary-expr","locations":[{"start":{"line":24,"column":8},"end":{"line":24,"column":21}},{"start":{"line":24,"column":25},"end":{"line":24,"column":53}}],"line":24},"3":{"loc":{"start":{"line":31,"column":8},"end":{"line":31,"column":94}},"type":"if","locations":[{"start":{"line":31,"column":8},"end":{"line":31,"column":94}},{"start":{"line":31,"column":8},"end":{"line":31,"column":94}}],"line":31},"4":{"loc":{"start":{"line":32,"column":8},"end":{"line":32,"column":106}},"type":"if","locations":[{"start":{"line":32,"column":8},"end":{"line":32,"column":106}},{"start":{"line":32,"column":8},"end":{"line":32,"column":106}}],"line":32},"5":{"loc":{"start":{"line":33,"column":8},"end":{"line":33,"column":106}},"type":"if","locations":[{"start":{"line":33,"column":8},"end":{"line":33,"column":106}},{"start":{"line":33,"column":8},"end":{"line":33,"column":106}}],"line":33},"6":{"loc":{"start":{"line":34,"column":8},"end":{"line":35,"column":99}},"type":"if","locations":[{"start":{"line":34,"column":8},"end":{"line":35,"column":99}},{"start":{"line":34,"column":8},"end":{"line":35,"column":99}}],"line":34},"7":{"loc":{"start":{"line":37,"column":8},"end":{"line":42,"column":9}},"type":"if","locations":[{"start":{"line":37,"column":8},"end":{"line":42,"column":9}},{"start":{"line":37,"column":8},"end":{"line":42,"column":9}}],"line":37},"8":{"loc":{"start":{"line":44,"column":8},"end":{"line":49,"column":9}},"type":"if","locations":[{"start":{"line":44,"column":8},"end":{"line":49,"column":9}},{"start":{"line":44,"column":8},"end":{"line":49,"column":9}}],"line":44},"9":{"loc":{"start":{"line":53,"column":12},"end":{"line":57,"column":13}},"type":"if","locations":[{"start":{"line":53,"column":12},"end":{"line":57,"column":13}},{"start":{"line":53,"column":12},"end":{"line":57,"column":13}}],"line":53},"10":{"loc":{"start":{"line":61,"column":8},"end":{"line":66,"column":9}},"type":"if","locations":[{"start":{"line":61,"column":8},"end":{"line":66,"column":9}},{"start":{"line":61,"column":8},"end":{"line":66,"column":9}}],"line":61},"11":{"loc":{"start":{"line":67,"column":8},"end":{"line":72,"column":9}},"type":"if","locations":[{"start":{"line":67,"column":8},"end":{"line":72,"column":9}},{"start":{"line":67,"column":8},"end":{"line":72,"column":9}}],"line":67},"12":{"loc":{"start":{"line":86,"column":9},"end":{"line":86,"column":36}},"type":"cond-expr","locations":[{"start":{"line":86,"column":27},"end":{"line":86,"column":31}},{"start":{"line":86,"column":34},"end":{"line":86,"column":36}}],"line":86},"13":{"loc":{"start":{"line":97,"column":4},"end":{"line":97,"column":70}},"type":"if","locations":[{"start":{"line":97,"column":4},"end":{"line":97,"column":70}},{"start":{"line":97,"column":4},"end":{"line":97,"column":70}}],"line":97},"14":{"loc":{"start":{"line":97,"column":8},"end":{"line":97,"column":53}},"type":"binary-expr","locations":[{"start":{"line":97,"column":8},"end":{"line":97,"column":21}},{"start":{"line":97,"column":25},"end":{"line":97,"column":53}}],"line":97},"15":{"loc":{"start":{"line":101,"column":8},"end":{"line":111,"column":9}},"type":"if","locations":[{"start":{"line":101,"column":8},"end":{"line":111,"column":9}},{"start":{"line":101,"column":8},"end":{"line":111,"column":9}}],"line":101},"16":{"loc":{"start":{"line":101,"column":12},"end":{"line":101,"column":54}},"type":"binary-expr","locations":[{"start":{"line":101,"column":12},"end":{"line":101,"column":26}},{"start":{"line":101,"column":30},"end":{"line":101,"column":54}}],"line":101},"17":{"loc":{"start":{"line":103,"column":12},"end":{"line":107,"column":13}},"type":"if","locations":[{"start":{"line":103,"column":12},"end":{"line":107,"column":13}},{"start":{"line":103,"column":12},"end":{"line":107,"column":13}}],"line":103},"18":{"loc":{"start":{"line":104,"column":16},"end":{"line":104,"column":80}},"type":"if","locations":[{"start":{"line":104,"column":16},"end":{"line":104,"column":80}},{"start":{"line":104,"column":16},"end":{"line":104,"column":80}}],"line":104},"19":{"loc":{"start":{"line":105,"column":16},"end":{"line":105,"column":89}},"type":"if","locations":[{"start":{"line":105,"column":16},"end":{"line":105,"column":89}},{"start":{"line":105,"column":16},"end":{"line":105,"column":89}}],"line":105},"20":{"loc":{"start":{"line":106,"column":16},"end":{"line":106,"column":86}},"type":"if","locations":[{"start":{"line":106,"column":16},"end":{"line":106,"column":86}},{"start":{"line":106,"column":16},"end":{"line":106,"column":86}}],"line":106},"21":{"loc":{"start":{"line":108,"column":12},"end":{"line":110,"column":13}},"type":"if","locations":[{"start":{"line":108,"column":12},"end":{"line":110,"column":13}},{"start":{"line":108,"column":12},"end":{"line":110,"column":13}}],"line":108},"22":{"loc":{"start":{"line":108,"column":16},"end":{"line":108,"column":71}},"type":"binary-expr","locations":[{"start":{"line":108,"column":16},"end":{"line":108,"column":38}},{"start":{"line":108,"column":42},"end":{"line":108,"column":71}}],"line":108},"23":{"loc":{"start":{"line":112,"column":8},"end":{"line":119,"column":9}},"type":"if","locations":[{"start":{"line":112,"column":8},"end":{"line":119,"column":9}},{"start":{"line":112,"column":8},"end":{"line":119,"column":9}}],"line":112},"24":{"loc":{"start":{"line":113,"column":12},"end":{"line":116,"column":28}},"type":"binary-expr","locations":[{"start":{"line":113,"column":12},"end":{"line":113,"column":26}},{"start":{"line":114,"column":12},"end":{"line":114,"column":41}},{"start":{"line":115,"column":12},"end":{"line":115,"column":51}},{"start":{"line":116,"column":12},"end":{"line":116,"column":28}}],"line":113},"25":{"loc":{"start":{"line":135,"column":4},"end":{"line":140,"column":5}},"type":"if","locations":[{"start":{"line":135,"column":4},"end":{"line":140,"column":5}},{"start":{"line":135,"column":4},"end":{"line":140,"column":5}}],"line":135},"26":{"loc":{"start":{"line":145,"column":4},"end":{"line":149,"column":5}},"type":"if","locations":[{"start":{"line":145,"column":4},"end":{"line":149,"column":5}},{"start":{"line":145,"column":4},"end":{"line":149,"column":5}}],"line":145},"27":{"loc":{"start":{"line":153,"column":4},"end":{"line":166,"column":5}},"type":"if","locations":[{"start":{"line":153,"column":4},"end":{"line":166,"column":5}},{"start":{"line":153,"column":4},"end":{"line":166,"column":5}}],"line":153},"28":{"loc":{"start":{"line":157,"column":8},"end":{"line":162,"column":9}},"type":"if","locations":[{"start":{"line":157,"column":8},"end":{"line":162,"column":9}},{"start":{"line":157,"column":8},"end":{"line":162,"column":9}}],"line":157},"29":{"loc":{"start":{"line":159,"column":12},"end":{"line":161,"column":13}},"type":"if","locations":[{"start":{"line":159,"column":12},"end":{"line":161,"column":13}},{"start":{"line":159,"column":12},"end":{"line":161,"column":13}}],"line":159},"30":{"loc":{"start":{"line":170,"column":4},"end":{"line":176,"column":5}},"type":"if","locations":[{"start":{"line":170,"column":4},"end":{"line":176,"column":5}},{"start":{"line":170,"column":4},"end":{"line":176,"column":5}}],"line":170},"31":{"loc":{"start":{"line":180,"column":4},"end":{"line":187,"column":5}},"type":"if","locations":[{"start":{"line":180,"column":4},"end":{"line":187,"column":5}},{"start":{"line":180,"column":4},"end":{"line":187,"column":5}}],"line":180},"32":{"loc":{"start":{"line":182,"column":8},"end":{"line":185,"column":9}},"type":"if","locations":[{"start":{"line":182,"column":8},"end":{"line":185,"column":9}},{"start":{"line":182,"column":8},"end":{"line":185,"column":9}}],"line":182},"33":{"loc":{"start":{"line":191,"column":4},"end":{"line":198,"column":5}},"type":"if","locations":[{"start":{"line":191,"column":4},"end":{"line":198,"column":5}},{"start":{"line":191,"column":4},"end":{"line":198,"column":5}}],"line":191},"34":{"loc":{"start":{"line":194,"column":12},"end":{"line":196,"column":13}},"type":"if","locations":[{"start":{"line":194,"column":12},"end":{"line":196,"column":13}},{"start":{"line":194,"column":12},"end":{"line":196,"column":13}}],"line":194},"35":{"loc":{"start":{"line":203,"column":48},"end":{"line":203,"column":69}},"type":"binary-expr","locations":[{"start":{"line":203,"column":48},"end":{"line":203,"column":63}},{"start":{"line":203,"column":67},"end":{"line":203,"column":69}}],"line":203},"36":{"loc":{"start":{"line":205,"column":36},"end":{"line":205,"column":118}},"type":"binary-expr","locations":[{"start":{"line":205,"column":36},"end":{"line":205,"column":42}},{"start":{"line":205,"column":46},"end":{"line":205,"column":67}},{"start":{"line":205,"column":71},"end":{"line":205,"column":93}},{"start":{"line":205,"column":97},"end":{"line":205,"column":118}}],"line":205},"37":{"loc":{"start":{"line":210,"column":19},"end":{"line":210,"column":61}},"type":"cond-expr","locations":[{"start":{"line":210,"column":43},"end":{"line":210,"column":49}},{"start":{"line":210,"column":52},"end":{"line":210,"column":61}}],"line":210},"38":{"loc":{"start":{"line":221,"column":4},"end":{"line":226,"column":5}},"type":"if","locations":[{"start":{"line":221,"column":4},"end":{"line":226,"column":5}},{"start":{"line":221,"column":4},"end":{"line":226,"column":5}}],"line":221},"39":{"loc":{"start":{"line":232,"column":4},"end":{"line":232,"column":38}},"type":"if","locations":[{"start":{"line":232,"column":4},"end":{"line":232,"column":38}},{"start":{"line":232,"column":4},"end":{"line":232,"column":38}}],"line":232},"40":{"loc":{"start":{"line":260,"column":9},"end":{"line":260,"column":36}},"type":"cond-expr","locations":[{"start":{"line":260,"column":27},"end":{"line":260,"column":31}},{"start":{"line":260,"column":34},"end":{"line":260,"column":36}}],"line":260},"41":{"loc":{"start":{"line":273,"column":4},"end":{"line":273,"column":37}},"type":"if","locations":[{"start":{"line":273,"column":4},"end":{"line":273,"column":37}},{"start":{"line":273,"column":4},"end":{"line":273,"column":37}}],"line":273},"42":{"loc":{"start":{"line":275,"column":17},"end":{"line":275,"column":54}},"type":"binary-expr","locations":[{"start":{"line":275,"column":17},"end":{"line":275,"column":48}},{"start":{"line":275,"column":52},"end":{"line":275,"column":54}}],"line":275},"43":{"loc":{"start":{"line":280,"column":8},"end":{"line":280,"column":94}},"type":"if","locations":[{"start":{"line":280,"column":8},"end":{"line":280,"column":94}},{"start":{"line":280,"column":8},"end":{"line":280,"column":94}}],"line":280},"44":{"loc":{"start":{"line":281,"column":8},"end":{"line":281,"column":106}},"type":"if","locations":[{"start":{"line":281,"column":8},"end":{"line":281,"column":106}},{"start":{"line":281,"column":8},"end":{"line":281,"column":106}}],"line":281},"45":{"loc":{"start":{"line":282,"column":8},"end":{"line":282,"column":106}},"type":"if","locations":[{"start":{"line":282,"column":8},"end":{"line":282,"column":106}},{"start":{"line":282,"column":8},"end":{"line":282,"column":106}}],"line":282},"46":{"loc":{"start":{"line":283,"column":8},"end":{"line":284,"column":99}},"type":"if","locations":[{"start":{"line":283,"column":8},"end":{"line":284,"column":99}},{"start":{"line":283,"column":8},"end":{"line":284,"column":99}}],"line":283},"47":{"loc":{"start":{"line":298,"column":9},"end":{"line":298,"column":36}},"type":"cond-expr","locations":[{"start":{"line":298,"column":27},"end":{"line":298,"column":31}},{"start":{"line":298,"column":34},"end":{"line":298,"column":36}}],"line":298}},"s":{"0":4,"1":4,"2":8,"3":8,"4":8,"5":8,"6":8,"7":24,"8":24,"9":8,"10":24,"11":8,"12":4,"13":6,"14":6,"15":2,"16":4,"17":4,"18":17,"19":4,"20":4,"21":4,"22":1,"23":4,"24":1,"25":4,"26":1,"27":4,"28":1,"29":4,"30":2,"31":2,"32":4,"33":2,"34":2,"35":4,"36":4,"37":16,"38":9,"39":16,"40":4,"41":2,"42":2,"43":4,"44":2,"45":2,"46":4,"47":4,"48":4,"49":4,"50":4,"51":4,"52":17,"53":4,"54":9,"55":9,"56":2,"57":7,"58":7,"59":7,"60":6,"61":6,"62":5,"63":3,"64":5,"65":4,"66":5,"67":3,"68":6,"69":2,"70":7,"71":1,"72":7,"73":7,"74":7,"75":11,"76":11,"77":1,"78":1,"79":11,"80":11,"81":1,"82":11,"83":5,"84":5,"85":4,"86":4,"87":3,"88":5,"89":5,"90":11,"91":1,"92":1,"93":11,"94":2,"95":2,"96":1,"97":1,"98":2,"99":11,"100":1,"101":1,"102":2,"103":2,"104":1,"105":8,"106":8,"107":11,"108":5,"109":8,"110":5,"111":8,"112":5,"113":5,"114":8,"115":3,"116":2,"117":8,"118":8,"119":2,"120":2,"121":4,"122":13,"123":13,"124":5,"125":8,"126":8,"127":8,"128":4,"129":8,"130":11,"131":11,"132":11,"133":11,"134":11,"135":11,"136":8,"137":8,"138":11,"139":11,"140":8,"141":8,"142":8,"143":8,"144":4,"145":4,"146":5,"147":5,"148":5,"149":1,"150":4,"151":4,"152":7,"153":7,"154":1,"155":7,"156":1,"157":7,"158":1,"159":7,"160":1,"161":7,"162":7,"163":7,"164":7,"165":4,"166":4,"167":4,"168":3,"169":4},"f":{"0":8,"1":6,"2":17,"3":4,"4":16,"5":17,"6":9,"7":7,"8":11,"9":11,"10":11,"11":11,"12":11,"13":11,"14":8,"15":11,"16":5,"17":5,"18":5,"19":3,"20":2,"21":8,"22":13,"23":4,"24":11,"25":11,"26":4,"27":5,"28":7,"29":3},"b":{"0":[8,16],"1":[2,4],"2":[6,5],"3":[1,3],"4":[1,3],"5":[1,3],"6":[1,3],"7":[2,2],"8":[2,2],"9":[9,7],"10":[2,2],"11":[2,2],"12":[3,1],"13":[2,7],"14":[9,8],"15":[6,1],"16":[7,6],"17":[5,1],"18":[3,2],"19":[4,1],"20":[3,2],"21":[2,4],"22":[6,2],"23":[1,6],"24":[7,6,1,1],"25":[1,10],"26":[1,10],"27":[5,6],"28":[4,1],"29":[3,1],"30":[1,10],"31":[2,9],"32":[1,1],"33":[1,10],"34":[1,1],"35":[11,8],"36":[5,5,2,2],"37":[2,3],"38":[2,6],"39":[5,8],"40":[3,5],"41":[1,4],"42":[4,3],"43":[1,6],"44":[1,6],"45":[1,6],"46":[1,6],"47":[1,3]},"_coverageSchema":"1a1c01bbd47fc00a2c39e90264f33305004495a9","hash":"4852e1869fc616f3f728f7b18fabece5c49e29ea"}
}
