TN:
SF:src/index.js
FN:9,(anonymous_0)
FN:22,(anonymous_1)
FN:27,(anonymous_2)
FN:29,(anonymous_3)
FN:52,(anonymous_4)
FN:85,(anonymous_5)
FN:95,(anonymous_6)
FN:99,(anonymous_7)
FN:133,warnForLinks
FN:143,warnForExternalLinks
FN:152,rewriteNet
FN:169,rewriteBuild
FN:179,rewriteLogging
FN:190,rewriteVolumesFrom
FN:201,getNamedVolumes
FN:203,(anonymous_15)
FN:203,(anonymous_16)
FN:205,(anonymous_17)
FN:208,(anonymous_18)
FN:215,(anonymous_19)
FN:216,(anonymous_20)
FN:219,createVolumesSection
FN:229,(anonymous_22)
FN:237,(anonymous_23)
FN:239,(anonymous_24)
FN:249,(anonymous_25)
FN:259,(anonymous_26)
FN:269,(anonymous_27)
FN:278,(anonymous_28)
FN:297,(anonymous_29)
FNF:30
FNH:30
FNDA:8,(anonymous_0)
FNDA:6,(anonymous_1)
FNDA:17,(anonymous_2)
FNDA:4,(anonymous_3)
FNDA:16,(anonymous_4)
FNDA:17,(anonymous_5)
FNDA:9,(anonymous_6)
FNDA:7,(anonymous_7)
FNDA:11,warnForLinks
FNDA:11,warnForExternalLinks
FNDA:11,rewriteNet
FNDA:11,rewriteBuild
FNDA:11,rewriteLogging
FNDA:11,rewriteVolumesFrom
FNDA:8,getNamedVolumes
FNDA:11,(anonymous_15)
FNDA:5,(anonymous_16)
FNDA:5,(anonymous_17)
FNDA:5,(anonymous_18)
FNDA:3,(anonymous_19)
FNDA:2,(anonymous_20)
FNDA:8,createVolumesSection
FNDA:13,(anonymous_22)
FNDA:4,(anonymous_23)
FNDA:11,(anonymous_24)
FNDA:11,(anonymous_25)
FNDA:4,(anonymous_26)
FNDA:5,(anonymous_27)
FNDA:7,(anonymous_28)
FNDA:3,(anonymous_29)
DA:3,4
DA:9,4
DA:10,8
DA:11,8
DA:12,8
DA:13,8
DA:14,24
DA:15,24
DA:16,24
DA:19,8
DA:22,4
DA:23,6
DA:24,6
DA:26,4
DA:27,17
DA:29,4
DA:30,4
DA:31,4
DA:32,4
DA:33,4
DA:34,4
DA:35,1
DA:37,4
DA:38,2
DA:41,2
DA:44,4
DA:45,2
DA:48,2
DA:51,4
DA:52,4
DA:53,16
DA:54,9
DA:58,16
DA:61,4
DA:62,2
DA:65,2
DA:67,4
DA:68,2
DA:71,2
DA:74,4
DA:75,4
DA:76,4
DA:77,4
DA:80,4
DA:84,4
DA:85,17
DA:95,4
DA:96,9
DA:97,9
DA:99,7
DA:100,7
DA:101,7
DA:102,6
DA:103,6
DA:104,5
DA:105,5
DA:106,5
DA:108,6
DA:109,2
DA:112,7
DA:118,1
DA:120,7
DA:123,7
DA:125,7
DA:134,11
DA:135,11
DA:136,1
DA:137,1
DA:144,11
DA:145,11
DA:146,1
DA:153,11
DA:154,5
DA:157,5
DA:158,4
DA:159,4
DA:160,3
DA:164,5
DA:165,5
DA:170,11
DA:171,1
DA:175,1
DA:180,11
DA:181,2
DA:182,2
DA:183,1
DA:184,1
DA:186,2
DA:191,11
DA:192,1
DA:193,2
DA:194,2
DA:195,1
DA:202,8
DA:203,11
DA:205,8
DA:207,8
DA:209,5
DA:210,5
DA:214,8
DA:215,3
DA:216,2
DA:220,8
DA:221,8
DA:222,2
DA:225,2
DA:229,4
DA:230,13
DA:232,13
DA:234,8
DA:236,8
DA:237,8
DA:239,8
DA:240,11
DA:241,11
DA:242,11
DA:243,11
DA:244,11
DA:245,11
DA:248,8
DA:249,8
DA:250,11
DA:251,11
DA:254,8
DA:255,8
DA:256,8
DA:258,8
DA:259,4
DA:269,4
DA:270,5
DA:272,5
DA:273,5
DA:275,4
DA:278,4
DA:279,7
DA:280,7
DA:281,7
DA:282,7
DA:283,7
DA:284,1
DA:286,7
DA:287,7
DA:288,7
DA:289,7
DA:292,4
DA:294,4
DA:296,4
DA:297,3
DA:303,4
LF:149
LH:149
BRDA:15,0,0,8
BRDA:15,0,1,16
BRDA:24,1,0,2
BRDA:24,1,1,4
BRDA:24,2,0,6
BRDA:24,2,1,5
BRDA:31,3,0,1
BRDA:31,3,1,3
BRDA:32,4,0,1
BRDA:32,4,1,3
BRDA:33,5,0,1
BRDA:33,5,1,3
BRDA:34,6,0,1
BRDA:34,6,1,3
BRDA:37,7,0,2
BRDA:37,7,1,2
BRDA:44,8,0,2
BRDA:44,8,1,2
BRDA:53,9,0,9
BRDA:53,9,1,7
BRDA:61,10,0,2
BRDA:61,10,1,2
BRDA:67,11,0,2
BRDA:67,11,1,2
BRDA:86,12,0,3
BRDA:86,12,1,1
BRDA:97,13,0,2
BRDA:97,13,1,7
BRDA:97,14,0,9
BRDA:97,14,1,8
BRDA:101,15,0,6
BRDA:101,15,1,1
BRDA:101,16,0,7
BRDA:101,16,1,6
BRDA:103,17,0,5
BRDA:103,17,1,1
BRDA:104,18,0,3
BRDA:104,18,1,2
BRDA:105,19,0,4
BRDA:105,19,1,1
BRDA:106,20,0,3
BRDA:106,20,1,2
BRDA:108,21,0,2
BRDA:108,21,1,4
BRDA:108,22,0,6
BRDA:108,22,1,2
BRDA:112,23,0,1
BRDA:112,23,1,6
BRDA:113,24,0,7
BRDA:113,24,1,6
BRDA:113,24,2,1
BRDA:113,24,3,1
BRDA:135,25,0,1
BRDA:135,25,1,10
BRDA:145,26,0,1
BRDA:145,26,1,10
BRDA:153,27,0,5
BRDA:153,27,1,6
BRDA:157,28,0,4
BRDA:157,28,1,1
BRDA:159,29,0,3
BRDA:159,29,1,1
BRDA:170,30,0,1
BRDA:170,30,1,10
BRDA:180,31,0,2
BRDA:180,31,1,9
BRDA:182,32,0,1
BRDA:182,32,1,1
BRDA:191,33,0,1
BRDA:191,33,1,10
BRDA:194,34,0,1
BRDA:194,34,1,1
BRDA:203,35,0,11
BRDA:203,35,1,8
BRDA:205,36,0,5
BRDA:205,36,1,5
BRDA:205,36,2,2
BRDA:205,36,3,2
BRDA:210,37,0,2
BRDA:210,37,1,3
BRDA:221,38,0,2
BRDA:221,38,1,6
BRDA:232,39,0,5
BRDA:232,39,1,8
BRDA:260,40,0,3
BRDA:260,40,1,5
BRDA:273,41,0,1
BRDA:273,41,1,4
BRDA:275,42,0,4
BRDA:275,42,1,3
BRDA:280,43,0,1
BRDA:280,43,1,6
BRDA:281,44,0,1
BRDA:281,44,1,6
BRDA:282,45,0,1
BRDA:282,45,1,6
BRDA:283,46,0,1
BRDA:283,46,1,6
BRDA:298,47,0,1
BRDA:298,47,1,3
BRF:100
BRH:100
end_of_record
